<?xml version="1.0" encoding="UTF-8"?>
<testsuite name="edu.usd.SaveFileTest" tests="1" skipped="0" failures="0" errors="0" timestamp="2024-06-02T06:46:52" hostname="Gianpaolos-MacBook-Air.local" time="0.006">
  <properties/>
  <testcase name="Testing readFile" classname="edu.usd.SaveFileTest" time="0.006"/>
  <system-out><![CDATA[]]></system-out>
  <system-err><![CDATA[]]></system-err>
</testsuite>
